app/build/intermediates/manifest_merge_blame_file/debug/processDebugMainManifest/manifest-merger-blame-debug-report.txt
1<?xml version="1.0" encoding="utf-8"?>
2<manifest xmlns:android="http://schemas.android.com/apk/res/android"
3    package="br.com.unaerp.listadecompras"
4    android:versionCode="1"
5    android:versionName="1.0" >
6
7    <uses-sdk
8        android:minSdkVersion="25"
9        android:targetSdkVersion="36" />
10
11    <permission
11-->[androidx.core:core:1.10.1] AndroidManifest.xml:22:5-24:47
12        android:name="br.com.unaerp.listadecompras.DYNAMIC_RECEIVER_NOT_EXPORTED_PERMISSION"
12-->[androidx.core:core:1.10.1] AndroidManifest.xml:23:9-81
13        android:protectionLevel="signature" />
13-->[androidx.core:core:1.10.1] AndroidManifest.xml:24:9-44
14
15    <uses-permission android:name="br.com.unaerp.listadecompras.DYNAMIC_RECEIVER_NOT_EXPORTED_PERMISSION" />
15-->[androidx.core:core:1.10.1] AndroidManifest.xml:26:5-97
15-->[androidx.core:core:1.10.1] AndroidManifest.xml:26:22-94
16
17    <application
17-->src\main\AndroidManifest.xml:4:5-22:19
18        android:allowBackup="true"
18-->src\main\AndroidManifest.xml:5:9-35
19        android:appComponentFactory="androidx.core.app.CoreComponentFactory"
19-->[androidx.core:core:1.10.1] AndroidManifest.xml:28:18-86
20        android:debuggable="true"
21        android:extractNativeLibs="false"
22        android:label="Lista de Compras App"
22-->src\main\AndroidManifest.xml:6:9-45
23        android:supportsRtl="true"
23-->src\main\AndroidManifest.xml:7:9-35
24        android:testOnly="true"
25        android:theme="@style/Theme.App.Light" >
25-->src\main\AndroidManifest.xml:8:9-47
26        <activity
26-->src\main\AndroidManifest.xml:9:9-16:20
27            android:name="br.com.unaerp.listadecompras.ui.login.LoginActivity"
27-->src\main\AndroidManifest.xml:10:13-51
28            android:exported="true" >
28-->src\main\AndroidManifest.xml:11:13-36
29            <intent-filter>
29-->src\main\AndroidManifest.xml:12:13-15:29
30                <action android:name="android.intent.action.MAIN" />
30-->src\main\AndroidManifest.xml:13:17-69
30-->src\main\AndroidManifest.xml:13:25-66
31
32                <category android:name="android.intent.category.LAUNCHER" />
32-->src\main\AndroidManifest.xml:14:17-77
32-->src\main\AndroidManifest.xml:14:27-74
33            </intent-filter>
34        </activity>
35        <activity android:name="br.com.unaerp.listadecompras.ui.login.CadastroActivity" />
35-->src\main\AndroidManifest.xml:17:9-63
35-->src\main\AndroidManifest.xml:17:19-60
36        <activity android:name="br.com.unaerp.listadecompras.ui.list.ListaDeComprasActivity" />
36-->src\main\AndroidManifest.xml:18:9-68
36-->src\main\AndroidManifest.xml:18:19-65
37        <activity android:name="br.com.unaerp.listadecompras.ui.list.NovaListaActivity" />
37-->src\main\AndroidManifest.xml:19:9-63
37-->src\main\AndroidManifest.xml:19:19-60
38        <activity android:name="br.com.unaerp.listadecompras.ui.item.ItensActivity" />
38-->src\main\AndroidManifest.xml:20:9-59
38-->src\main\AndroidManifest.xml:20:19-56
39        <activity android:name="br.com.unaerp.listadecompras.ui.item.NovoItemActivity" />
39-->src\main\AndroidManifest.xml:21:9-62
39-->src\main\AndroidManifest.xml:21:19-59
40
41        <provider
41-->[androidx.emoji2:emoji2:1.2.0] AndroidManifest.xml:24:9-32:20
42            android:name="androidx.startup.InitializationProvider"
42-->[androidx.emoji2:emoji2:1.2.0] AndroidManifest.xml:25:13-67
43            android:authorities="br.com.unaerp.listadecompras.androidx-startup"
43-->[androidx.emoji2:emoji2:1.2.0] AndroidManifest.xml:26:13-68
44            android:exported="false" >
44-->[androidx.emoji2:emoji2:1.2.0] AndroidManifest.xml:27:13-37
45            <meta-data
45-->[androidx.emoji2:emoji2:1.2.0] AndroidManifest.xml:29:13-31:52
46                android:name="androidx.emoji2.text.EmojiCompatInitializer"
46-->[androidx.emoji2:emoji2:1.2.0] AndroidManifest.xml:30:17-75
47                android:value="androidx.startup" />
47-->[androidx.emoji2:emoji2:1.2.0] AndroidManifest.xml:31:17-49
48            <meta-data
48-->[androidx.lifecycle:lifecycle-process:2.4.1] AndroidManifest.xml:31:13-33:52
49                android:name="androidx.lifecycle.ProcessLifecycleInitializer"
49-->[androidx.lifecycle:lifecycle-process:2.4.1] AndroidManifest.xml:32:17-78
50                android:value="androidx.startup" />
50-->[androidx.lifecycle:lifecycle-process:2.4.1] AndroidManifest.xml:33:17-49
51        </provider>
52    </application>
53
54</manifest>